<?xml version="1.0" encoding="utf-8"?><testsuites name="pytest tests"><testsuite name="pytest" errors="0" failures="0" skipped="0" tests="18" time="14.852" timestamp="2026-04-15T14:19:12.731362+00:00" hostname="agent-env-9f0a04ce-ff4c-4a7d-90e3-db1a04558e97"><testcase classname="tests.test_gigline_api.TestHealthEndpoints" name="test_health_check" time="0.166" /><testcase classname="tests.test_gigline_api.TestHealthEndpoints" name="test_root_endpoint" time="0.251" /><testcase classname="tests.test_gigline_api.TestServicesEndpoint" name="test_get_services_returns_packages" time="0.432" /><testcase classname="tests.test_gigline_api.TestWalkthroughRequest" name="test_submit_walkthrough_request" time="0.648" /><testcase classname="tests.test_gigline_api.TestSafetyCheckSubmission" name="test_submit_safety_check_high_risk" time="0.888" /><testcase classname="tests.test_gigline_api.TestSafetyCheckSubmission" name="test_submit_safety_check_medium_risk" time="0.758" /><testcase classname="tests.test_gigline_api.TestSafetyCheckSubmission" name="test_submit_safety_check_low_risk" time="0.676" /><testcase classname="tests.test_gigline_api.TestEmailDripStatus" name="test_get_drip_status" time="0.140" /><testcase classname="tests.test_gigline_api.TestAdminEndpoints" name="test_admin_login_success" time="0.134" /><testcase classname="tests.test_gigline_api.TestAdminEndpoints" name="test_admin_login_failure" time="0.155" /><testcase classname="tests.test_gigline_api.TestAdminEndpoints" name="test_admin_stats_with_auth" time="1.584" /><testcase classname="tests.test_gigline_api.TestAdminEndpoints" name="test_admin_stats_without_auth" time="2.245" /><testcase classname="tests.test_gigline_api.TestAdminEndpoints" name="test_admin_leads_with_auth" time="1.619" /><testcase classname="tests.test_gigline_api.TestStripePaymentEndpoints" name="test_checkout_walkthrough_small" time="1.133" /><testcase classname="tests.test_gigline_api.TestStripePaymentEndpoints" name="test_checkout_invalid_service" time="2.521" /><testcase classname="tests.test_gigline_api.TestHazComEndpoints" name="test_hazcom_checkout" time="0.627" /><testcase classname="tests.test_gigline_api.TestStatusEndpoints" name="test_create_status_check" time="0.615" /><testcase classname="tests.test_gigline_api.TestStatusEndpoints" name="test_get_status_checks" time="0.164" /></testsuite></testsuites>