<?xml version="1.0" encoding="utf-8"?><testsuites name="pytest tests"><testsuite name="pytest" errors="0" failures="0" skipped="0" tests="16" time="3.052" timestamp="2026-06-29T03:30:07.861727+00:00" hostname="agent-env-9f0a04ce-ff4c-4a7d-90e3-db1a04558e97"><testcase classname="backend.tests.test_gl_web_018.TestQuickContact" name="test_submit_full_payload" time="0.552" /><testcase classname="backend.tests.test_gl_web_018.TestQuickContact" name="test_submit_without_message" time="0.341" /><testcase classname="backend.tests.test_gl_web_018.TestQuickContact" name="test_submit_with_phone" time="0.458" /><testcase classname="backend.tests.test_gl_web_018.TestQuickContact" name="test_empty_payload_responds_cleanly" time="0.133" /><testcase classname="backend.tests.test_gl_web_018.TestQuickContact" name="test_invalid_payload_responds_cleanly" time="0.310" /><testcase classname="backend.tests.test_gl_web_018.TestRegression" name="test_page_returns_200[/]" time="0.096" /><testcase classname="backend.tests.test_gl_web_018.TestRegression" name="test_page_returns_200[/services]" time="0.096" /><testcase classname="backend.tests.test_gl_web_018.TestRegression" name="test_page_returns_200[/sample-report]" time="0.105" /><testcase classname="backend.tests.test_gl_web_018.TestRegression" name="test_page_returns_200[/resources]" time="0.105" /><testcase classname="backend.tests.test_gl_web_018.TestRegression" name="test_page_returns_200[/field-notes]" time="0.115" /><testcase classname="backend.tests.test_gl_web_018.TestRegression" name="test_page_returns_200[/case-study/metals-fabrication-statesville]" time="0.136" /><testcase classname="backend.tests.test_gl_web_018.TestRegression" name="test_page_returns_200[/intake]" time="0.105" /><testcase classname="backend.tests.test_gl_web_018.TestRegression" name="test_page_returns_200[/field-notes/forklift-safety]" time="0.102" /><testcase classname="backend.tests.test_gl_web_018.TestRegression" name="test_page_returns_200[/field-notes/silica-respirable-crystalline]" time="0.102" /><testcase classname="backend.tests.test_gl_web_018.TestRegression" name="test_page_returns_200[/field-notes/abrasive-wheels]" time="0.119" /><testcase classname="backend.tests.test_gl_web_018.TestRegression" name="test_api_health" time="0.096" /></testsuite></testsuites>