<?xml version="1.0" encoding="utf-8"?><testsuites name="pytest tests"><testsuite name="pytest" errors="0" failures="0" skipped="0" tests="7" time="1.973" timestamp="2026-06-29T02:58:00.690714+00:00" hostname="agent-env-9f0a04ce-ff4c-4a7d-90e3-db1a04558e97"><testcase classname="backend.tests.test_gl_web_017.TestSampleReportSubmit" name="test_submit_success" time="0.814" /><testcase classname="backend.tests.test_gl_web_017.TestSampleReportSubmit" name="test_submit_without_company" time="0.545" /><testcase classname="backend.tests.test_gl_web_017.TestSampleReportSubmit" name="test_submit_missing_email_validation" time="0.103" /><testcase classname="backend.tests.test_gl_web_017.TestFieldChecklist" name="test_field_checklist_returns_pdf" time="0.147" /><testcase classname="backend.tests.test_gl_web_017.TestGoogleReviewURL" name="test_env_has_safety_check_pdf_utm" time="0.000" /><testcase classname="backend.tests.test_gl_web_017.TestRegression" name="test_root_api" time="0.144" /><testcase classname="backend.tests.test_gl_web_017.TestRegression" name="test_field_notes_or_other_existing_route" time="0.144" /></testsuite></testsuites>