<?xml version="1.0" encoding="utf-8"?><testsuites name="pytest tests"><testsuite name="pytest" errors="0" failures="0" skipped="0" tests="13" time="2.435" timestamp="2026-06-29T13:07:14.624685+00:00" hostname="agent-env-9f0a04ce-ff4c-4a7d-90e3-db1a04558e97"><testcase classname="backend.tests.test_gl_web_019.TestOshaInspectionGuideSubmit" name="test_full_payload_success" time="0.452" /><testcase classname="backend.tests.test_gl_web_019.TestOshaInspectionGuideSubmit" name="test_email_only_success" time="0.342" /><testcase classname="backend.tests.test_gl_web_019.TestOshaInspectionGuideSubmit" name="test_empty_strings_optional" time="0.389" /><testcase classname="backend.tests.test_gl_web_019.TestOshaInspectionGuideSubmit" name="test_invalid_email_rejected" time="0.172" /><testcase classname="backend.tests.test_gl_web_019.TestOshaInspectionGuideSubmit" name="test_missing_email_rejected" time="0.114" /><testcase classname="backend.tests.test_gl_web_019" name="test_page_returns_200[/]" time="0.119" /><testcase classname="backend.tests.test_gl_web_019" name="test_page_returns_200[/services]" time="0.104" /><testcase classname="backend.tests.test_gl_web_019" name="test_page_returns_200[/resources]" time="0.104" /><testcase classname="backend.tests.test_gl_web_019" name="test_page_returns_200[/sample-report]" time="0.112" /><testcase classname="backend.tests.test_gl_web_019" name="test_page_returns_200[/field-notes]" time="0.125" /><testcase classname="backend.tests.test_gl_web_019" name="test_page_returns_200[/intake]" time="0.105" /><testcase classname="backend.tests.test_gl_web_019" name="test_page_returns_200[/admin]" time="0.107" /><testcase classname="backend.tests.test_gl_web_019" name="test_page_returns_200[/osha-inspection-guide]" time="0.103" /></testsuite></testsuites>