<?xml version="1.0" encoding="utf-8"?><testsuites name="pytest tests"><testsuite name="pytest" errors="0" failures="0" skipped="0" tests="7" time="1.782" timestamp="2026-04-07T19:43:16.118036+00:00" hostname="agent-env-9f0a04ce-ff4c-4a7d-90e3-db1a04558e97"><testcase classname="tests.test_hazcom_api.TestHazComCheckoutAPI" name="test_hazcom_checkout_returns_stripe_url" time="0.688" /><testcase classname="tests.test_hazcom_api.TestHazComVerifyAPI" name="test_hazcom_verify_invalid_session_returns_false" time="0.260" /><testcase classname="tests.test_hazcom_api.TestHazComVerifyAPI" name="test_hazcom_verify_missing_session_id" time="0.129" /><testcase classname="tests.test_hazcom_api.TestHazComDownloadAPI" name="test_hazcom_download_without_session_returns_403" time="0.270" /><testcase classname="tests.test_hazcom_api.TestHazComDownloadAPI" name="test_hazcom_download_missing_session_returns_error" time="0.115" /><testcase classname="tests.test_hazcom_api.TestHazComDownloadAPI" name="test_hazcom_download_invalid_filename_returns_404" time="0.140" /><testcase classname="tests.test_hazcom_api.TestAPIHealth" name="test_api_root_accessible" time="0.113" /></testsuite></testsuites>