<?xml version="1.0" encoding="utf-8"?><testsuites name="pytest tests"><testsuite name="pytest" errors="0" failures="0" skipped="0" tests="23" time="13.211" timestamp="2026-04-17T15:15:48.859765+00:00" hostname="agent-env-9f0a04ce-ff4c-4a7d-90e3-db1a04558e97"><testcase classname="backend.tests.test_portal_section_b.TestIntakeSubmitClientToken" name="test_intake_submit_returns_client_token" time="0.724" /><testcase classname="backend.tests.test_portal_section_b.TestStatusEndpoint" name="test_status_endpoint_returns_200" time="0.661" /><testcase classname="backend.tests.test_portal_section_b.TestStatusEndpoint" name="test_status_returns_six_stages" time="0.611" /><testcase classname="backend.tests.test_portal_section_b.TestStatusEndpoint" name="test_status_stages_have_correct_keys" time="0.657" /><testcase classname="backend.tests.test_portal_section_b.TestStatusEndpoint" name="test_status_stages_have_correct_states" time="0.674" /><testcase classname="backend.tests.test_portal_section_b.TestStatusEndpoint" name="test_status_returns_company_name" time="0.712" /><testcase classname="backend.tests.test_portal_section_b.TestStatusEndpoint" name="test_status_invalid_token_returns_404" time="0.181" /><testcase classname="backend.tests.test_portal_section_b.TestAdminStatusUpdate" name="test_admin_status_update_requires_auth" time="1.051" /><testcase classname="backend.tests.test_portal_section_b.TestAdminStatusUpdate" name="test_admin_status_update_with_auth" time="0.970" /><testcase classname="backend.tests.test_portal_section_b.TestAdminStatusUpdate" name="test_admin_status_update_reflects_in_status_page" time="1.639" /><testcase classname="backend.tests.test_portal_section_b.TestAdminStatusUpdate" name="test_admin_status_update_invalid_status" time="0.774" /><testcase classname="backend.tests.test_portal_section_b.TestAgreementSigning" name="test_sign_agreement_generates_pdf" time="0.715" /><testcase classname="backend.tests.test_portal_section_b.TestAgreementSigning" name="test_sign_agreement_with_retainer" time="0.826" /><testcase classname="backend.tests.test_portal_section_b.TestAgreementDownload" name="test_agreement_download_returns_pdf" time="0.933" /><testcase classname="backend.tests.test_portal_section_b.TestAgreementDownload" name="test_agreement_download_invalid_token_returns_404" time="0.134" /><testcase classname="backend.tests.test_portal_section_b.TestAdminPortalStats" name="test_portal_stats_requires_auth" time="0.115" /><testcase classname="backend.tests.test_portal_section_b.TestAdminPortalStats" name="test_portal_stats_with_auth" time="0.260" /><testcase classname="backend.tests.test_portal_section_b.TestAdminIntakeSubmissions" name="test_intake_submissions_requires_auth" time="0.135" /><testcase classname="backend.tests.test_portal_section_b.TestAdminIntakeSubmissions" name="test_intake_submissions_with_auth" time="0.236" /><testcase classname="backend.tests.test_portal_section_b.TestAdminIntakeSubmissions" name="test_intake_submissions_contains_test_data" time="0.728" /><testcase classname="backend.tests.test_portal_section_b.TestAdminBookings" name="test_bookings_requires_auth" time="0.106" /><testcase classname="backend.tests.test_portal_section_b.TestAdminBookings" name="test_bookings_with_auth" time="0.160" /><testcase classname="backend.tests.test_portal_section_b.TestHealthCheck" name="test_health_endpoint" time="0.110" /></testsuite></testsuites>