<?xml version="1.0" encoding="utf-8"?><testsuites name="pytest tests"><testsuite name="pytest" errors="0" failures="0" skipped="0" tests="14" time="4.483" timestamp="2026-04-17T14:59:17.703989+00:00" hostname="agent-env-9f0a04ce-ff4c-4a7d-90e3-db1a04558e97"><testcase classname="backend.tests.test_portal_api.TestOnboardingTiers" name="test_get_tiers_returns_200" time="0.283" /><testcase classname="backend.tests.test_portal_api.TestOnboardingTiers" name="test_get_tiers_returns_three_tiers" time="0.108" /><testcase classname="backend.tests.test_portal_api.TestOnboardingTiers" name="test_small_tier_price" time="0.122" /><testcase classname="backend.tests.test_portal_api.TestOnboardingTiers" name="test_medium_tier_price" time="0.136" /><testcase classname="backend.tests.test_portal_api.TestOnboardingTiers" name="test_large_tier_price" time="0.109" /><testcase classname="backend.tests.test_portal_api.TestIntakeSubmit" name="test_intake_submit_success" time="0.677" /><testcase classname="backend.tests.test_portal_api.TestIntakeSubmit" name="test_intake_submit_requires_consent" time="0.119" /><testcase classname="backend.tests.test_portal_api.TestIntakeSubmit" name="test_intake_submit_with_full_data" time="0.583" /><testcase classname="backend.tests.test_portal_api.TestOnboardingCheckout" name="test_checkout_creates_stripe_url" time="0.632" /><testcase classname="backend.tests.test_portal_api.TestOnboardingCheckout" name="test_checkout_small_tier_walkthrough" time="0.470" /><testcase classname="backend.tests.test_portal_api.TestOnboardingCheckout" name="test_checkout_medium_tier_retainer" time="0.493" /><testcase classname="backend.tests.test_portal_api.TestOnboardingCheckout" name="test_checkout_large_tier" time="0.453" /><testcase classname="backend.tests.test_portal_api.TestOnboardingCheckout" name="test_checkout_invalid_tier_fails" time="0.117" /><testcase classname="backend.tests.test_portal_api.TestHealthCheck" name="test_health_endpoint" time="0.100" /></testsuite></testsuites>