<?xml version="1.0" encoding="utf-8"?><testsuites name="pytest tests"><testsuite name="pytest" errors="0" failures="0" skipped="0" tests="4" time="0.123" timestamp="2026-06-24T13:27:07.726415+00:00" hostname="agent-env-9f0a04ce-ff4c-4a7d-90e3-db1a04558e97"><testcase classname="tests.test_pricing_cascade.TestStaticBundle" name="test_homepage_jsonld_has_new_offer_prices" time="0.001" /><testcase classname="tests.test_pricing_cascade.TestStaticBundle" name="test_city_landing_page_source_uses_1200" time="0.000" /><testcase classname="tests.test_pricing_cascade.TestStaticBundle" name="test_seo_generator_uses_new_prices" time="0.004" /><testcase classname="tests.test_pricing_cascade.TestStaticBundle" name="test_llms_txt_no_legacy_prices" time="0.002" /></testsuite></testsuites>