<?xml version="1.0" encoding="utf-8"?><testsuites name="pytest tests"><testsuite name="pytest" errors="0" failures="0" skipped="0" tests="10" time="3.361" timestamp="2026-04-10T13:51:41.433435+00:00" hostname="agent-env-9f0a04ce-ff4c-4a7d-90e3-db1a04558e97"><testcase classname="backend.tests.test_safety_check_api.TestSafetyCheckAPI" name="test_safety_check_submit_high_risk" time="0.690" /><testcase classname="backend.tests.test_safety_check_api.TestSafetyCheckAPI" name="test_safety_check_submit_medium_risk" time="0.474" /><testcase classname="backend.tests.test_safety_check_api.TestSafetyCheckAPI" name="test_safety_check_submit_low_risk" time="0.536" /><testcase classname="backend.tests.test_safety_check_api.TestSafetyCheckAPI" name="test_safety_check_submit_with_all_optional_fields" time="0.489" /><testcase classname="backend.tests.test_safety_check_api.TestSafetyCheckAPI" name="test_safety_check_submit_minimal_fields" time="0.485" /><testcase classname="backend.tests.test_safety_check_api.TestSafetyCheckReportAPI" name="test_get_submissions_list" time="0.111" /><testcase classname="backend.tests.test_safety_check_api.TestSafetyCheckReportAPI" name="test_report_download_invalid_id" time="0.108" /><testcase classname="backend.tests.test_safety_check_api.TestEmailDripAPI" name="test_get_drip_status" time="0.121" /><testcase classname="backend.tests.test_safety_check_api.TestAPIHealth" name="test_api_root" time="0.157" /><testcase classname="backend.tests.test_safety_check_api.TestAPIHealth" name="test_services_endpoint" time="0.122" /></testsuite></testsuites>