<?xml version="1.0" encoding="utf-8"?><testsuites name="pytest tests"><testsuite name="pytest" errors="0" failures="0" skipped="0" tests="8" time="3.072" timestamp="2026-04-09T22:12:02.136523+00:00" hostname="agent-env-9f0a04ce-ff4c-4a7d-90e3-db1a04558e97"><testcase classname="backend.tests.test_walkthrough_api.TestWalkthroughRequestAPI" name="test_walkthrough_request_success" time="0.450" /><testcase classname="backend.tests.test_walkthrough_api.TestWalkthroughRequestAPI" name="test_walkthrough_request_all_operation_types" time="1.623" /><testcase classname="backend.tests.test_walkthrough_api.TestWalkthroughRequestAPI" name="test_walkthrough_request_optional_description" time="0.358" /><testcase classname="backend.tests.test_walkthrough_api.TestWalkthroughRequestAPI" name="test_walkthrough_request_missing_required_fields" time="0.123" /><testcase classname="backend.tests.test_walkthrough_api.TestWalkthroughRequestAPI" name="test_walkthrough_request_missing_company" time="0.121" /><testcase classname="backend.tests.test_walkthrough_api.TestWalkthroughRequestAPI" name="test_walkthrough_request_missing_operation_type" time="0.124" /><testcase classname="backend.tests.test_walkthrough_api.TestWalkthroughRequestAPI" name="test_walkthrough_request_missing_location" time="0.103" /><testcase classname="backend.tests.test_walkthrough_api.TestAPIHealth" name="test_api_root" time="0.110" /></testsuite></testsuites>